Drill Listing
=============
Drill: .04  Tool: 1  Feed: 139  Speed: 550
X 36105  Y 14000
X 36105  Y 192000
X 108885  Y 192000
X 108885  Y 14000
Drill: .043  Tool: 2  Feed: 139  Speed: 550
X 20000  Y 90000
X 10000  Y 90000
X 0  Y 90000
X 40000  Y 90000
X 30000  Y 90000
X 10000  Y 100000
X 40000  Y 100000
X 20000  Y 100000
X 30000  Y 100000
X 0  Y 100000
X 70000  Y 100000
X 60000  Y 100000
X 50000  Y 100000
X 90000  Y 100000
X 80000  Y 100000
X 50000  Y 90000
X 60000  Y 90000
X 90000  Y 90000
X 70000  Y 90000
X 80000  Y 90000
X 127500  Y -2500
X 147500  Y -2500
X 137500  Y -2500
X 140000  Y 75000
X 130000  Y 75000
X 130000  Y 90000
X 140000  Y 90000
X 110000  Y 90000
X 120000  Y 90000
X 100000  Y 90000
X 140000  Y 100000
X 120000  Y 100000
X 110000  Y 100000
X 100000  Y 100000
X 130000  Y 100000
X 167500  Y 155000
X 177500  Y 155000
X 172500  Y 25000
X 182500  Y 25000
X 240000  Y 90000
X 250000  Y 90000
X 240000  Y 102500
X 250000  Y 102500
Drill: .125  Tool: 3  Feed: 35  Speed: 794
X 0  Y 0
X 0  Y 190000
X 315000  Y 190000
X 315000  Y 0
End of Listing
